<?xml version="1.0" encoding="UTF-8"?>
<!-- Generated by org.testng.reporters.JUnitReportReporter -->
<testsuite hostname="LAPTOP-E7B5P8US" failures="0" tests="1" name="testcases.LoginTC_01" time="6.438" errors="0" timestamp="2021-11-13T19:13:43 IST" skipped="0">
  <testcase classname="testcases.LoginTC_01" name="login" time="6.438"/>
  <system-out/>
</testsuite> <!-- testcases.LoginTC_01 -->
