<?xml version="1.0" encoding="UTF-8"?>
<!-- Generated by org.testng.reporters.JUnitReportReporter -->
<testsuite hostname="LAPTOP-E7B5P8US" failures="0" tests="1" name="testcases.RegisterTC_02" time="23.869" errors="0" timestamp="2021-11-20T11:05:09 IST" skipped="0">
  <testcase classname="testcases.RegisterTC_02" name="register" time="23.869"/>
  <system-out/>
</testsuite> <!-- testcases.RegisterTC_02 -->
