<?xml version="1.0" encoding="UTF-8"?>
<!-- Generated by org.testng.reporters.JUnitReportReporter -->
<testsuite hostname="LAPTOP-E7B5P8US" failures="0" tests="1" name="testcases.RegisterTC_02" time="30.313" errors="0" timestamp="2022-01-01T20:53:51 IST" skipped="0">
  <testcase classname="testcases.RegisterTC_02" name="register" time="30.313"/>
  <system-out/>
</testsuite> <!-- testcases.RegisterTC_02 -->
